d:\olya\opencvtry\opencvtry\x64\debug\vc140.pdb
d:\olya\opencvtry\opencvtry\x64\debug\vc140.idb
d:\olya\opencvtry\opencvtry\x64\debug\source.obj
d:\olya\opencvtry\x64\debug\opencvtry.pdb
d:\olya\opencvtry\opencvtry\x64\debug\opencvtry.tlog\cl.command.1.tlog
d:\olya\opencvtry\opencvtry\x64\debug\opencvtry.tlog\cl.read.1.tlog
d:\olya\opencvtry\opencvtry\x64\debug\opencvtry.tlog\cl.write.1.tlog
d:\olya\opencvtry\opencvtry\x64\debug\opencvtry.tlog\link-cvtres.read.1.tlog
d:\olya\opencvtry\opencvtry\x64\debug\opencvtry.tlog\link-cvtres.write.1.tlog
d:\olya\opencvtry\opencvtry\x64\debug\opencvtry.tlog\link-rc.read.1.tlog
d:\olya\opencvtry\opencvtry\x64\debug\opencvtry.tlog\link-rc.write.1.tlog
d:\olya\opencvtry\opencvtry\x64\debug\opencvtry.tlog\link.4640-cvtres.read.1.tlog
d:\olya\opencvtry\opencvtry\x64\debug\opencvtry.tlog\link.4640-cvtres.write.1.tlog
d:\olya\opencvtry\opencvtry\x64\debug\opencvtry.tlog\link.4640-rc.read.1.tlog
d:\olya\opencvtry\opencvtry\x64\debug\opencvtry.tlog\link.4640-rc.write.1.tlog
d:\olya\opencvtry\opencvtry\x64\debug\opencvtry.tlog\link.4640.read.1.tlog
d:\olya\opencvtry\opencvtry\x64\debug\opencvtry.tlog\link.4640.write.1.tlog
d:\olya\opencvtry\opencvtry\x64\debug\opencvtry.tlog\link.command.1.tlog
d:\olya\opencvtry\opencvtry\x64\debug\opencvtry.tlog\link.read.1.tlog
d:\olya\opencvtry\opencvtry\x64\debug\opencvtry.tlog\link.write.1.tlog
